2026-03-17T21:07:29.950114463+01:00 - Anwendung gestartet. Log-Nachrichten werden in 'app.log' geschrieben.
2026-03-17T21:07:29.950380651+01:00 - Connected to X11, screen number: 0
2026-03-17T21:07:29.950453561+01:00 - Starting Display isntance
2026-03-17T21:07:29.950459121+01:00 - Starting App Instance
2026-03-17T21:07:29.950463079+01:00 - Triple-tap anywhere to emergency exit
2026-03-17T21:07:34.208147042+01:00 - Chess button pressed — launching chess
2026-03-17T21:07:34.208229009+01:00 - Checking Authentication Status
2026-03-17T21:07:34.209109820+01:00 - Auth URL: https://lichess.org/oauth?response_type=code&client_id=lichess-rust-client-61bde50f-a7b1-4608-ad76-6d7b7f3c4d77&state=9r63PqzXyRJeYLBqvtsr9A&code_challenge=_5RFv4sDF-500q9bCzS9UCQuqKcUMKwLfbg8OzZoKSM&code_challenge_method=S256&redirect_uri=http%3A%2F%2F192.168.2.216%3A8080%2Fcallback&scope=challenge%3Aread+challenge%3Awrite+bot%3Aplay+board%3Aplay
2026-03-17T21:07:34.238877681+01:00 - Starting OAuth callback server on 0.0.0.0:8080
2026-03-17T21:07:45.902866686+01:00 - Received authorization code, exchanging for token...
2026-03-17T21:07:45.972668454+01:00 - Successfully obtained access token
2026-03-17T21:07:45.973067275+01:00 - Shutting down OAuth callback server
2026-03-17T21:07:46.043590991+01:00 - Successfully re-authenticated as: yyyxm
2026-03-17T21:07:46.043753020+01:00 - Auth-Token written to /home/mxy/Repos/kindle-chess/kindle_KUAL/hellokindle/secrets/token.json
2026-03-17T21:07:46.043792716+01:00 - Successfully re-authenticated as: yyyxm
2026-03-17T21:08:13.030525217+01:00 - Board touched at g4
2026-03-17T21:08:13.030600290+01:00 - Selected square: g4
2026-03-17T21:08:15.183631713+01:00 - Board touched at g3
2026-03-17T21:08:15.183709542+01:00 - Move: g4 -> g3
2026-03-17T21:08:18.855803229+01:00 - Board touched at g3
2026-03-17T21:08:18.855867802+01:00 - Selected square: g3
2026-03-17T21:08:19.691776667+01:00 - Board touched at g4
2026-03-17T21:08:19.691832704+01:00 - Move: g3 -> g4
2026-03-17T21:08:21.348956688+01:00 - Board touched at g4
2026-03-17T21:08:21.349022814+01:00 - Selected square: g4
2026-03-17T21:08:22.183866568+01:00 - Board touched at g4
2026-03-17T21:08:27.528014847+01:00 - Board touched at e4
2026-03-17T21:08:27.528086434+01:00 - Selected square: e4
2026-03-17T21:08:29.655071923+01:00 - Board touched at f4
2026-03-17T21:08:29.655166042+01:00 - Move: e4 -> f4
2026-03-17T21:08:30.883242785+01:00 - Board touched at f4
2026-03-17T21:08:30.883308120+01:00 - Selected square: f4
2026-03-17T21:08:31.959196543+01:00 - Board touched at d4
2026-03-17T21:08:31.959262760+01:00 - Move: f4 -> d4
2026-03-17T21:08:32.988293339+01:00 - Board touched at d4
2026-03-17T21:08:32.988362481+01:00 - Selected square: d4
2026-03-17T21:08:33.338272910+01:00 - Triple-tap detected — emergency exit
2026-03-17T21:08:33.338347122+01:00 - App shutting down
2026-03-17T21:08:42.029610676+01:00 - Anwendung gestartet. Log-Nachrichten werden in 'app.log' geschrieben.
2026-03-17T21:08:42.029911039+01:00 - Connected to X11, screen number: 0
2026-03-17T21:08:42.029998286+01:00 - Starting Display isntance
2026-03-17T21:08:42.030004277+01:00 - Starting App Instance
2026-03-17T21:08:42.030008596+01:00 - Triple-tap anywhere to emergency exit
2026-03-17T21:08:44.151525639+01:00 - Chess button pressed — launching chess
2026-03-17T21:08:44.151612434+01:00 - Checking Authentication Status
2026-03-17T21:08:44.223296953+01:00 - Successfully authenticated from token as: yyyxm
2026-03-17T21:08:45.557621869+01:00 - Board touched at e6
2026-03-17T21:08:45.557688066+01:00 - Selected square: e6
2026-03-17T21:08:47.080688127+01:00 - Board touched at c6
2026-03-17T21:08:47.080782818+01:00 - Move: e6 -> c6
2026-03-17T21:08:48.122797586+01:00 - Board touched at c6
2026-03-17T21:08:48.122865275+01:00 - Selected square: c6
2026-03-17T21:08:48.312719219+01:00 - Triple-tap detected — emergency exit
2026-03-17T21:08:48.312792980+01:00 - App shutting down
